<?xml version="1.0" encoding="UTF-8" ?>
<testsuite failures="0" time="0.004" errors="0" skipped="1" tests="5" name="org.cloudbus.cloudsim.power.models.PowerModelSquareTest">
  <properties>
[...]
</properties>
  <testcase time="0" classname="org.cloudbus.cloudsim.power.models.PowerModelSquareTest" name="testGetMaxPower"/>
  <testcase time="0.001" classname="org.cloudbus.cloudsim.power.models.PowerModelSquareTest" name="testGetPowerArgumentLessThenZero"/>
  <testcase time="0" classname="org.cloudbus.cloudsim.power.models.PowerModelSquareTest" name="testGetPowerArgumentLargerThenOne"/>
  <testcase time="0" classname="org.cloudbus.cloudsim.power.models.PowerModelSquareTest" name="testGetPower"/>
  <testcase time="0.001" classname="org.cloudbus.cloudsim.power.models.PowerModelSquareTest" name="testPrintPower">
    <skipped/>
  </testcase>
</testsuite>