# JRE version: Java(TM) SE Runtime Environment (8.0_191-b12) (build 1.8.0_191-b12)
# Java VM: Java HotSpot(TM) 64-Bit Server VM (25.191-b12 mixed mode linux-amd64 compressed oops)
Heap:
 PSYoungGen      total 149504K, used 110481K [0x0000000719580000, 0x000000072b980000, 0x00000007c0000000)
  eden space 128512K, 84% used [0x0000000719580000,0x000000071ff80660,0x0000000721300000)
  from space 20992K, 9% used [0x0000000722780000,0x0000000722964030,0x0000000723c00000)
  to   space 20992K, 0% used [0x0000000721300000,0x0000000721300000,0x0000000722780000)
 ParOldGen       total 341504K, used 88K [0x00000005cc000000, 0x00000005e0d80000, 0x0000000719580000)
  object space 341504K, 0% used [0x00000005cc000000,0x00000005cc016010,0x00000005e0d80000)
 Metaspace       used 9167K, capacity 9330K, committed 9600K, reserved 1058816K
  class space    used 1034K, capacity 1083K, committed 1152K, reserved 1048576K
GC Heap History (4 events):
Event: 0,580 GC heap before
{Heap before GC invocations=1 (full 0):
 PSYoungGen      total 149504K, used 128512K [0x0000000719580000, 0x0000000723c00000, 0x00000007c0000000)
  eden space 128512K, 100% used [0x0000000719580000,0x0000000721300000,0x0000000721300000)
  from space 20992K, 0% used [0x0000000722780000,0x0000000722780000,0x0000000723c00000)
  to   space 20992K, 0% used [0x0000000721300000,0x0000000721300000,0x0000000722780000)
 ParOldGen       total 341504K, used 0K [0x00000005cc000000, 0x00000005e0d80000, 0x0000000719580000)
  object space 341504K, 0% used [0x00000005cc000000,0x00000005cc000000,0x00000005e0d80000)
 Metaspace       used 9039K, capacity 9138K, committed 9344K, reserved 1056768K
  class space    used 1029K, capacity 1083K, committed 1152K, reserved 1048576K
Event: 0,583 GC heap after
Heap after GC invocations=1 (full 0):
 PSYoungGen      total 149504K, used 2759K [0x0000000719580000, 0x0000000723c00000, 0x00000007c0000000)
  eden space 128512K, 0% used [0x0000000719580000,0x0000000719580000,0x0000000721300000)
  from space 20992K, 13% used [0x0000000721300000,0x00000007215b1ca0,0x0000000722780000)
  to   space 20992K, 0% used [0x0000000722780000,0x0000000722780000,0x0000000723c00000)
 ParOldGen       total 341504K, used 80K [0x00000005cc000000, 0x00000005e0d80000, 0x0000000719580000)
  object space 341504K, 0% used [0x00000005cc000000,0x00000005cc014010,0x00000005e0d80000)
 Metaspace       used 9039K, capacity 9138K, committed 9344K, reserved 1056768K
  class space    used 1029K, capacity 1083K, committed 1152K, reserved 1048576K
}
Event: 0,650 GC heap before
{Heap before GC invocations=2 (full 0):
 PSYoungGen      total 149504K, used 131271K [0x0000000719580000, 0x0000000723c00000, 0x00000007c0000000)
  eden space 128512K, 100% used [0x0000000719580000,0x0000000721300000,0x0000000721300000)
  from space 20992K, 13% used [0x0000000721300000,0x00000007215b1ca0,0x0000000722780000)
  to   space 20992K, 0% used [0x0000000722780000,0x0000000722780000,0x0000000723c00000)
 ParOldGen       total 341504K, used 80K [0x00000005cc000000, 0x00000005e0d80000, 0x0000000719580000)
  object space 341504K, 0% used [0x00000005cc000000,0x00000005cc014010,0x00000005e0d80000)
 Metaspace       used 9049K, capacity 9138K, committed 9344K, reserved 1056768K
  class space    used 1029K, capacity 1083K, committed 1152K, reserved 1048576K
Event: 0,653 GC heap after
Heap after GC invocations=2 (full 0):
 PSYoungGen      total 149504K, used 1936K [0x0000000719580000, 0x000000072b980000, 0x00000007c0000000)
  eden space 128512K, 0% used [0x0000000719580000,0x0000000719580000,0x0000000721300000)
  from space 20992K, 9% used [0x0000000722780000,0x0000000722964030,0x0000000723c00000)
  to   space 20992K, 0% used [0x0000000721300000,0x0000000721300000,0x0000000722780000)
 ParOldGen       total 341504K, used 88K [0x00000005cc000000, 0x00000005e0d80000, 0x0000000719580000)
  object space 341504K, 0% used [0x00000005cc000000,0x00000005cc016010,0x00000005e0d80000)
 Metaspace       used 9049K, capacity 9138K, committed 9344K, reserved 1056768K
  class space    used 1029K, capacity 1083K, committed 1152K, reserved 1048576K
}

